[0.116s] DEBUG:colcon:Command line arguments: ['/usr/bin/colcon', 'build']
[0.116s] DEBUG:colcon:Parsed command line arguments: Namespace(allow_overriding=[], ament_cmake_args=None, base_paths=['.'], build_base='build', catkin_cmake_args=None, catkin_skip_building_tests=False, cmake_args=None, cmake_clean_cache=False, cmake_clean_first=False, cmake_force_configure=False, cmake_target=None, cmake_target_skip_unavailable=False, continue_on_error=False, event_handlers=None, executor='parallel', ignore_user_meta=False, install_base='install', log_base=None, log_level=None, main=<bound method BuildVerb.main of <colcon_core.verb.build.BuildVerb object at 0x7fbad893b6a0>>, merge_install=False, metas=['./colcon.meta'], packages_above=None, packages_above_and_dependencies=None, packages_above_depth=None, packages_end=None, packages_ignore=None, packages_ignore_regex=None, packages_select=None, packages_select_build_failed=False, packages_select_by_dep=None, packages_select_regex=None, packages_select_test_failures=False, packages_skip=None, packages_skip_build_finished=False, packages_skip_by_dep=None, packages_skip_regex=None, packages_skip_test_passed=False, packages_skip_up_to=None, packages_start=None, packages_up_to=None, packages_up_to_regex=None, parallel_workers=16, paths=None, symlink_install=False, test_result_base=None, verb_extension=<colcon_core.verb.build.BuildVerb object at 0x7fbad893b6a0>, verb_name='build', verb_parser=<colcon_defaults.argument_parser.defaults.DefaultArgumentsDecorator object at 0x7fbad893bbe0>)
[0.136s] Level 1:colcon.colcon_core.package_discovery:discover_packages(colcon_meta) check parameters
[0.136s] Level 1:colcon.colcon_core.package_discovery:discover_packages(recursive) check parameters
[0.136s] Level 1:colcon.colcon_core.package_discovery:discover_packages(ignore) check parameters
[0.136s] Level 1:colcon.colcon_core.package_discovery:discover_packages(path) check parameters
[0.136s] Level 1:colcon.colcon_core.package_discovery:discover_packages(colcon_meta) discover
[0.136s] Level 1:colcon.colcon_core.package_discovery:discover_packages(recursive) discover
[0.136s] INFO:colcon.colcon_core.package_discovery:Crawling recursively for packages in '/home/ubuntu/move_ros2_ws/src/real_tsudanuma2-3_sim'
[0.136s] Level 1:colcon.colcon_core.package_identification:_identify(.) by extensions ['ignore', 'ignore_ament_install']
[0.136s] Level 1:colcon.colcon_core.package_identification:_identify(.) by extension 'ignore'
[0.136s] Level 1:colcon.colcon_core.package_identification:_identify(.) by extension 'ignore_ament_install'
[0.136s] Level 1:colcon.colcon_core.package_identification:_identify(.) by extensions ['colcon_pkg']
[0.136s] Level 1:colcon.colcon_core.package_identification:_identify(.) by extension 'colcon_pkg'
[0.136s] Level 1:colcon.colcon_core.package_identification:_identify(.) by extensions ['colcon_meta']
[0.136s] Level 1:colcon.colcon_core.package_identification:_identify(.) by extension 'colcon_meta'
[0.136s] Level 1:colcon.colcon_core.package_identification:_identify(.) by extensions ['ros']
[0.137s] Level 1:colcon.colcon_core.package_identification:_identify(.) by extension 'ros'
[0.146s] DEBUG:colcon.colcon_core.package_identification:Package '.' with type 'ros.catkin' and name 'real_tsudanuma2-3_sim'
[0.146s] Level 1:colcon.colcon_core.package_discovery:discover_packages(recursive) using defaults
[0.146s] Level 1:colcon.colcon_core.package_discovery:discover_packages(ignore) discover
[0.146s] Level 1:colcon.colcon_core.package_discovery:discover_packages(ignore) using defaults
[0.146s] Level 1:colcon.colcon_core.package_discovery:discover_packages(path) discover
[0.146s] Level 1:colcon.colcon_core.package_discovery:discover_packages(path) using defaults
[0.167s] Level 1:colcon.colcon_core.package_discovery:discover_packages(prefix_path) check parameters
[0.167s] Level 1:colcon.colcon_core.package_discovery:discover_packages(prefix_path) discover
[0.171s] DEBUG:colcon.colcon_installed_package_information.package_discovery:Found 4 installed packages in /home/ubuntu/move_ros2_ws/install
[0.172s] DEBUG:colcon.colcon_installed_package_information.package_discovery:Found 53 installed packages in /home/ubuntu/airobot_ws/install
[0.174s] DEBUG:colcon.colcon_installed_package_information.package_discovery:Found 418 installed packages in /opt/ros/foxy
[0.176s] Level 1:colcon.colcon_core.package_discovery:discover_packages(prefix_path) using defaults
[0.243s] Level 5:colcon.colcon_core.verb:set package 'real_tsudanuma2-3_sim' build argument 'cmake_args' from command line to 'None'
[0.243s] Level 5:colcon.colcon_core.verb:set package 'real_tsudanuma2-3_sim' build argument 'cmake_target' from command line to 'None'
[0.243s] Level 5:colcon.colcon_core.verb:set package 'real_tsudanuma2-3_sim' build argument 'cmake_target_skip_unavailable' from command line to 'False'
[0.243s] Level 5:colcon.colcon_core.verb:set package 'real_tsudanuma2-3_sim' build argument 'cmake_clean_cache' from command line to 'False'
[0.243s] Level 5:colcon.colcon_core.verb:set package 'real_tsudanuma2-3_sim' build argument 'cmake_clean_first' from command line to 'False'
[0.243s] Level 5:colcon.colcon_core.verb:set package 'real_tsudanuma2-3_sim' build argument 'cmake_force_configure' from command line to 'False'
[0.243s] Level 5:colcon.colcon_core.verb:set package 'real_tsudanuma2-3_sim' build argument 'ament_cmake_args' from command line to 'None'
[0.243s] Level 5:colcon.colcon_core.verb:set package 'real_tsudanuma2-3_sim' build argument 'catkin_cmake_args' from command line to 'None'
[0.243s] Level 5:colcon.colcon_core.verb:set package 'real_tsudanuma2-3_sim' build argument 'catkin_skip_building_tests' from command line to 'False'
[0.243s] DEBUG:colcon.colcon_core.verb:Building package 'real_tsudanuma2-3_sim' with the following arguments: {'ament_cmake_args': None, 'build_base': '/home/ubuntu/move_ros2_ws/src/real_tsudanuma2-3_sim/build/real_tsudanuma2-3_sim', 'catkin_cmake_args': None, 'catkin_skip_building_tests': False, 'cmake_args': None, 'cmake_clean_cache': False, 'cmake_clean_first': False, 'cmake_force_configure': False, 'cmake_target': None, 'cmake_target_skip_unavailable': False, 'install_base': '/home/ubuntu/move_ros2_ws/src/real_tsudanuma2-3_sim/install/real_tsudanuma2-3_sim', 'merge_install': False, 'path': '/home/ubuntu/move_ros2_ws/src/real_tsudanuma2-3_sim', 'symlink_install': False, 'test_result_base': None}
[0.244s] INFO:colcon.colcon_core.executor:Executing jobs using 'parallel' executor
[0.248s] DEBUG:colcon.colcon_parallel_executor.executor.parallel:run_until_complete
[0.248s] INFO:colcon.colcon_ros.task.catkin.build:Building ROS package in '/home/ubuntu/move_ros2_ws/src/real_tsudanuma2-3_sim' with build type 'catkin'
[0.248s] INFO:colcon.colcon_cmake.task.cmake.build:Building CMake package in '/home/ubuntu/move_ros2_ws/src/real_tsudanuma2-3_sim'
[0.252s] INFO:colcon.colcon_core.plugin_system:Skipping extension 'colcon_core.shell.bat': Not used on non-Windows systems
[0.252s] INFO:colcon.colcon_core.shell:Skip shell extension 'powershell' for command environment: Not usable outside of PowerShell
[0.252s] DEBUG:colcon.colcon_core.shell:Skip shell extension 'dsv' for command environment
[0.262s] DEBUG:colcon.colcon_core.event_handler.log_command:Invoking command in '/home/ubuntu/move_ros2_ws/src/real_tsudanuma2-3_sim/build/real_tsudanuma2-3_sim': /usr/bin/cmake /home/ubuntu/move_ros2_ws/src/real_tsudanuma2-3_sim -DCATKIN_INSTALL_INTO_PREFIX_ROOT=0 -DCMAKE_INSTALL_PREFIX=/home/ubuntu/move_ros2_ws/src/real_tsudanuma2-3_sim/install/real_tsudanuma2-3_sim
[1.833s] DEBUG:colcon.colcon_core.event_handler.log_command:Invoked command in '/home/ubuntu/move_ros2_ws/src/real_tsudanuma2-3_sim/build/real_tsudanuma2-3_sim' returned '0': /usr/bin/cmake /home/ubuntu/move_ros2_ws/src/real_tsudanuma2-3_sim -DCATKIN_INSTALL_INTO_PREFIX_ROOT=0 -DCMAKE_INSTALL_PREFIX=/home/ubuntu/move_ros2_ws/src/real_tsudanuma2-3_sim/install/real_tsudanuma2-3_sim
[1.836s] DEBUG:colcon.colcon_core.event_handler.log_command:Invoking command in '/home/ubuntu/move_ros2_ws/src/real_tsudanuma2-3_sim/build/real_tsudanuma2-3_sim': /usr/bin/cmake --build /home/ubuntu/move_ros2_ws/src/real_tsudanuma2-3_sim/build/real_tsudanuma2-3_sim -- -j16 -l16
[1.881s] DEBUG:colcon.colcon_core.event_handler.log_command:Invoked command in '/home/ubuntu/move_ros2_ws/src/real_tsudanuma2-3_sim/build/real_tsudanuma2-3_sim' returned '0': /usr/bin/cmake --build /home/ubuntu/move_ros2_ws/src/real_tsudanuma2-3_sim/build/real_tsudanuma2-3_sim -- -j16 -l16
[1.949s] DEBUG:colcon.colcon_core.event_handler.log_command:Invoking command in '/home/ubuntu/move_ros2_ws/src/real_tsudanuma2-3_sim/build/real_tsudanuma2-3_sim': /usr/bin/cmake --install /home/ubuntu/move_ros2_ws/src/real_tsudanuma2-3_sim/build/real_tsudanuma2-3_sim
[1.960s] DEBUG:colcon.colcon_core.event_handler.log_command:Invoked command in '/home/ubuntu/move_ros2_ws/src/real_tsudanuma2-3_sim/build/real_tsudanuma2-3_sim' returned '0': /usr/bin/cmake --install /home/ubuntu/move_ros2_ws/src/real_tsudanuma2-3_sim/build/real_tsudanuma2-3_sim
[1.988s] Level 1:colcon.colcon_core.shell:create_environment_hook('real_tsudanuma2-3_sim', 'ros_package_path')
[1.991s] INFO:colcon.colcon_core.shell:Creating environment hook '/home/ubuntu/move_ros2_ws/src/real_tsudanuma2-3_sim/install/real_tsudanuma2-3_sim/share/real_tsudanuma2-3_sim/hook/ros_package_path.ps1'
[1.993s] INFO:colcon.colcon_core.shell:Creating environment descriptor '/home/ubuntu/move_ros2_ws/src/real_tsudanuma2-3_sim/install/real_tsudanuma2-3_sim/share/real_tsudanuma2-3_sim/hook/ros_package_path.dsv'
[1.994s] INFO:colcon.colcon_core.shell:Creating environment hook '/home/ubuntu/move_ros2_ws/src/real_tsudanuma2-3_sim/install/real_tsudanuma2-3_sim/share/real_tsudanuma2-3_sim/hook/ros_package_path.sh'
[1.995s] Level 1:colcon.colcon_core.shell:create_environment_hook('real_tsudanuma2-3_sim', 'pkg_config_path')
[1.998s] INFO:colcon.colcon_core.shell:Creating environment hook '/home/ubuntu/move_ros2_ws/src/real_tsudanuma2-3_sim/install/real_tsudanuma2-3_sim/share/real_tsudanuma2-3_sim/hook/pkg_config_path.ps1'
[1.998s] INFO:colcon.colcon_core.shell:Creating environment descriptor '/home/ubuntu/move_ros2_ws/src/real_tsudanuma2-3_sim/install/real_tsudanuma2-3_sim/share/real_tsudanuma2-3_sim/hook/pkg_config_path.dsv'
[1.998s] INFO:colcon.colcon_core.shell:Creating environment hook '/home/ubuntu/move_ros2_ws/src/real_tsudanuma2-3_sim/install/real_tsudanuma2-3_sim/share/real_tsudanuma2-3_sim/hook/pkg_config_path.sh'
[2.001s] Level 1:colcon.colcon_core.shell:create_environment_hook('real_tsudanuma2-3_sim', 'pkg_config_path_multiarch')
[2.003s] INFO:colcon.colcon_core.shell:Creating environment hook '/home/ubuntu/move_ros2_ws/src/real_tsudanuma2-3_sim/install/real_tsudanuma2-3_sim/share/real_tsudanuma2-3_sim/hook/pkg_config_path_multiarch.ps1'
[2.003s] INFO:colcon.colcon_core.shell:Creating environment descriptor '/home/ubuntu/move_ros2_ws/src/real_tsudanuma2-3_sim/install/real_tsudanuma2-3_sim/share/real_tsudanuma2-3_sim/hook/pkg_config_path_multiarch.dsv'
[2.003s] INFO:colcon.colcon_core.shell:Creating environment hook '/home/ubuntu/move_ros2_ws/src/real_tsudanuma2-3_sim/install/real_tsudanuma2-3_sim/share/real_tsudanuma2-3_sim/hook/pkg_config_path_multiarch.sh'
[2.005s] Level 1:colcon.colcon_core.environment:create_environment_scripts_only(real_tsudanuma2-3_sim)
[2.010s] Level 1:colcon.colcon_core.environment:checking '/home/ubuntu/move_ros2_ws/src/real_tsudanuma2-3_sim/install/real_tsudanuma2-3_sim' for CMake module files
[2.011s] Level 1:colcon.colcon_core.environment:checking '/home/ubuntu/move_ros2_ws/src/real_tsudanuma2-3_sim/install/real_tsudanuma2-3_sim' for CMake config files
[2.011s] Level 1:colcon.colcon_core.shell:create_environment_hook('real_tsudanuma2-3_sim', 'cmake_prefix_path')
[2.012s] INFO:colcon.colcon_core.shell:Creating environment hook '/home/ubuntu/move_ros2_ws/src/real_tsudanuma2-3_sim/install/real_tsudanuma2-3_sim/share/real_tsudanuma2-3_sim/hook/cmake_prefix_path.ps1'
[2.012s] INFO:colcon.colcon_core.shell:Creating environment descriptor '/home/ubuntu/move_ros2_ws/src/real_tsudanuma2-3_sim/install/real_tsudanuma2-3_sim/share/real_tsudanuma2-3_sim/hook/cmake_prefix_path.dsv'
[2.012s] INFO:colcon.colcon_core.shell:Creating environment hook '/home/ubuntu/move_ros2_ws/src/real_tsudanuma2-3_sim/install/real_tsudanuma2-3_sim/share/real_tsudanuma2-3_sim/hook/cmake_prefix_path.sh'
[2.013s] Level 1:colcon.colcon_core.environment:checking '/home/ubuntu/move_ros2_ws/src/real_tsudanuma2-3_sim/install/real_tsudanuma2-3_sim/bin'
[2.013s] Level 1:colcon.colcon_core.environment:checking '/home/ubuntu/move_ros2_ws/src/real_tsudanuma2-3_sim/install/real_tsudanuma2-3_sim/lib/pkgconfig/real_tsudanuma2-3_sim.pc'
[2.013s] Level 1:colcon.colcon_core.environment:checking '/home/ubuntu/move_ros2_ws/src/real_tsudanuma2-3_sim/install/real_tsudanuma2-3_sim/lib/python3.8/site-packages'
[2.013s] Level 1:colcon.colcon_core.environment:checking '/home/ubuntu/move_ros2_ws/src/real_tsudanuma2-3_sim/install/real_tsudanuma2-3_sim/bin'
[2.015s] INFO:colcon.colcon_core.shell:Creating package script '/home/ubuntu/move_ros2_ws/src/real_tsudanuma2-3_sim/install/real_tsudanuma2-3_sim/share/real_tsudanuma2-3_sim/package.ps1'
[2.015s] INFO:colcon.colcon_core.shell:Creating package descriptor '/home/ubuntu/move_ros2_ws/src/real_tsudanuma2-3_sim/install/real_tsudanuma2-3_sim/share/real_tsudanuma2-3_sim/package.dsv'
[2.016s] INFO:colcon.colcon_core.shell:Creating package script '/home/ubuntu/move_ros2_ws/src/real_tsudanuma2-3_sim/install/real_tsudanuma2-3_sim/share/real_tsudanuma2-3_sim/package.sh'
[2.017s] INFO:colcon.colcon_core.shell:Creating package script '/home/ubuntu/move_ros2_ws/src/real_tsudanuma2-3_sim/install/real_tsudanuma2-3_sim/share/real_tsudanuma2-3_sim/package.bash'
[2.017s] INFO:colcon.colcon_core.shell:Creating package script '/home/ubuntu/move_ros2_ws/src/real_tsudanuma2-3_sim/install/real_tsudanuma2-3_sim/share/real_tsudanuma2-3_sim/package.zsh'
[2.017s] Level 1:colcon.colcon_core.environment:create_file_with_runtime_dependencies(/home/ubuntu/move_ros2_ws/src/real_tsudanuma2-3_sim/install/real_tsudanuma2-3_sim/share/colcon-core/packages/real_tsudanuma2-3_sim)
[2.018s] DEBUG:colcon.colcon_parallel_executor.executor.parallel:closing loop
[2.018s] DEBUG:colcon.colcon_parallel_executor.executor.parallel:loop closed
[2.018s] DEBUG:colcon.colcon_parallel_executor.executor.parallel:run_until_complete finished with '0'
[2.018s] DEBUG:colcon.colcon_core.event_reactor:joining thread
[2.023s] INFO:colcon.colcon_core.plugin_system:Skipping extension 'colcon_notification.desktop_notification.notify_send': Could not find 'notify-send'
[2.023s] INFO:colcon.colcon_core.plugin_system:Skipping extension 'colcon_notification.desktop_notification.terminal_notifier': Not used on non-Darwin systems
[2.023s] INFO:colcon.colcon_core.plugin_system:Skipping extension 'colcon_notification.desktop_notification.win32': Not used on non-Windows systems
[2.023s] INFO:colcon.colcon_notification.desktop_notification:Sending desktop notification using 'notify2'
[2.028s] DEBUG:colcon.colcon_notification.desktop_notification.notify2:Failed to initialize notify2: org.freedesktop.DBus.Error.ServiceUnknown: The name org.freedesktop.Notifications was not provided by any .service files
[2.028s] DEBUG:colcon.colcon_core.event_reactor:joined thread
[2.030s] INFO:colcon.colcon_core.shell:Creating prefix script '/home/ubuntu/move_ros2_ws/src/real_tsudanuma2-3_sim/install/local_setup.ps1'
[2.032s] INFO:colcon.colcon_core.shell:Creating prefix util module '/home/ubuntu/move_ros2_ws/src/real_tsudanuma2-3_sim/install/_local_setup_util_ps1.py'
[2.034s] INFO:colcon.colcon_core.shell:Creating prefix chain script '/home/ubuntu/move_ros2_ws/src/real_tsudanuma2-3_sim/install/setup.ps1'
[2.038s] INFO:colcon.colcon_core.shell:Creating prefix script '/home/ubuntu/move_ros2_ws/src/real_tsudanuma2-3_sim/install/local_setup.sh'
[2.038s] INFO:colcon.colcon_core.shell:Creating prefix util module '/home/ubuntu/move_ros2_ws/src/real_tsudanuma2-3_sim/install/_local_setup_util_sh.py'
[2.039s] INFO:colcon.colcon_core.shell:Creating prefix chain script '/home/ubuntu/move_ros2_ws/src/real_tsudanuma2-3_sim/install/setup.sh'
[2.042s] INFO:colcon.colcon_core.shell:Creating prefix script '/home/ubuntu/move_ros2_ws/src/real_tsudanuma2-3_sim/install/local_setup.bash'
[2.042s] INFO:colcon.colcon_core.shell:Creating prefix chain script '/home/ubuntu/move_ros2_ws/src/real_tsudanuma2-3_sim/install/setup.bash'
[2.045s] INFO:colcon.colcon_core.shell:Creating prefix script '/home/ubuntu/move_ros2_ws/src/real_tsudanuma2-3_sim/install/local_setup.zsh'
[2.046s] INFO:colcon.colcon_core.shell:Creating prefix chain script '/home/ubuntu/move_ros2_ws/src/real_tsudanuma2-3_sim/install/setup.zsh'
