-- The C compiler identification is GNU 9.4.0
-- The CXX compiler identification is GNU 9.4.0
-- Check for working C compiler: /usr/bin/cc
-- Check for working C compiler: /usr/bin/cc -- works
-- Detecting C compiler ABI info
-- Detecting C compiler ABI info - done
-- Detecting C compile features
-- Detecting C compile features - done
-- Check for working CXX compiler: /usr/bin/c++
-- Check for working CXX compiler: /usr/bin/c++ -- works
-- Detecting CXX compiler ABI info
-- Detecting CXX compiler ABI info - done
-- Detecting CXX compile features
-- Detecting CXX compile features - done
-- Found ament_cmake: 0.9.9 (/opt/ros/foxy/share/ament_cmake/cmake)
-- Found PythonInterp: /usr/bin/python3 (found suitable version "3.8.10", minimum required is "3") 
-- Using PYTHON_EXECUTABLE: /usr/bin/python3
-- Found rclcpp: 2.4.1 (/opt/ros/foxy/share/rclcpp/cmake)
-- Using all available rosidl_typesupport_c: rosidl_typesupport_fastrtps_c;rosidl_typesupport_introspection_c
-- Found rosidl_adapter: 1.2.1 (/opt/ros/foxy/share/rosidl_adapter/cmake)
-- Found OpenSSL: /usr/lib/x86_64-linux-gnu/libcrypto.so (found version "1.1.1f")  
-- Found FastRTPS: /opt/ros/foxy/include  
-- Using all available rosidl_typesupport_cpp: rosidl_typesupport_fastrtps_cpp;rosidl_typesupport_introspection_cpp
-- Found rmw_implementation_cmake: 1.0.3 (/opt/ros/foxy/share/rmw_implementation_cmake/cmake)
-- Using RMW implementation 'rmw_fastrtps_cpp' as default
-- Looking for pthread.h
-- Looking for pthread.h - found
-- Performing Test CMAKE_HAVE_LIBC_PTHREAD
-- Performing Test CMAKE_HAVE_LIBC_PTHREAD - Failed
-- Looking for pthread_create in pthreads
-- Looking for pthread_create in pthreads - not found
-- Looking for pthread_create in pthread
-- Looking for pthread_create in pthread - found
-- Found Threads: TRUE  
-- Found rclpy: 1.0.8 (/opt/ros/foxy/share/rclpy/cmake)
-- Configuring done
-- Generating done
CMake Warning:
  Manually-specified variables were not used by the project:

    CATKIN_INSTALL_INTO_PREFIX_ROOT


-- Build files have been written to: /home/ubuntu/move_ros2_ws/src/real_tsudanuma2-3_sim/build/real_tsudanuma2-3_sim
-- Install configuration: ""
-- Installing: /home/ubuntu/move_ros2_ws/src/real_tsudanuma2-3_sim/install/real_tsudanuma2-3_sim/share/ament_index/resource_index/package_run_dependencies/real_tsudanuma2-3_sim
-- Installing: /home/ubuntu/move_ros2_ws/src/real_tsudanuma2-3_sim/install/real_tsudanuma2-3_sim/share/ament_index/resource_index/parent_prefix_path/real_tsudanuma2-3_sim
-- Installing: /home/ubuntu/move_ros2_ws/src/real_tsudanuma2-3_sim/install/real_tsudanuma2-3_sim/share/real_tsudanuma2-3_sim/environment/ament_prefix_path.sh
-- Installing: /home/ubuntu/move_ros2_ws/src/real_tsudanuma2-3_sim/install/real_tsudanuma2-3_sim/share/real_tsudanuma2-3_sim/environment/ament_prefix_path.dsv
-- Installing: /home/ubuntu/move_ros2_ws/src/real_tsudanuma2-3_sim/install/real_tsudanuma2-3_sim/share/real_tsudanuma2-3_sim/environment/path.sh
-- Installing: /home/ubuntu/move_ros2_ws/src/real_tsudanuma2-3_sim/install/real_tsudanuma2-3_sim/share/real_tsudanuma2-3_sim/environment/path.dsv
-- Installing: /home/ubuntu/move_ros2_ws/src/real_tsudanuma2-3_sim/install/real_tsudanuma2-3_sim/share/real_tsudanuma2-3_sim/local_setup.bash
-- Installing: /home/ubuntu/move_ros2_ws/src/real_tsudanuma2-3_sim/install/real_tsudanuma2-3_sim/share/real_tsudanuma2-3_sim/local_setup.sh
-- Installing: /home/ubuntu/move_ros2_ws/src/real_tsudanuma2-3_sim/install/real_tsudanuma2-3_sim/share/real_tsudanuma2-3_sim/local_setup.zsh
-- Installing: /home/ubuntu/move_ros2_ws/src/real_tsudanuma2-3_sim/install/real_tsudanuma2-3_sim/share/real_tsudanuma2-3_sim/local_setup.dsv
-- Installing: /home/ubuntu/move_ros2_ws/src/real_tsudanuma2-3_sim/install/real_tsudanuma2-3_sim/share/real_tsudanuma2-3_sim/package.dsv
-- Installing: /home/ubuntu/move_ros2_ws/src/real_tsudanuma2-3_sim/install/real_tsudanuma2-3_sim/share/ament_index/resource_index/packages/real_tsudanuma2-3_sim
-- Installing: /home/ubuntu/move_ros2_ws/src/real_tsudanuma2-3_sim/install/real_tsudanuma2-3_sim/share/real_tsudanuma2-3_sim/cmake/real_tsudanuma2-3_simConfig.cmake
-- Installing: /home/ubuntu/move_ros2_ws/src/real_tsudanuma2-3_sim/install/real_tsudanuma2-3_sim/share/real_tsudanuma2-3_sim/cmake/real_tsudanuma2-3_simConfig-version.cmake
-- Installing: /home/ubuntu/move_ros2_ws/src/real_tsudanuma2-3_sim/install/real_tsudanuma2-3_sim/share/real_tsudanuma2-3_sim/package.xml
