[0.015s] Invoking command in '/home/ubuntu/move_ros2_ws/src/real_tsudanuma2-3_sim/build/real_tsudanuma2-3_sim': /usr/bin/cmake --build /home/ubuntu/move_ros2_ws/src/real_tsudanuma2-3_sim/build/real_tsudanuma2-3_sim -- -j16 -l16
[0.055s] Invoked command in '/home/ubuntu/move_ros2_ws/src/real_tsudanuma2-3_sim/build/real_tsudanuma2-3_sim' returned '0': /usr/bin/cmake --build /home/ubuntu/move_ros2_ws/src/real_tsudanuma2-3_sim/build/real_tsudanuma2-3_sim -- -j16 -l16
[0.121s] Invoking command in '/home/ubuntu/move_ros2_ws/src/real_tsudanuma2-3_sim/build/real_tsudanuma2-3_sim': /usr/bin/cmake --install /home/ubuntu/move_ros2_ws/src/real_tsudanuma2-3_sim/build/real_tsudanuma2-3_sim
[0.129s] -- Install configuration: ""
[0.129s] -- Up-to-date: /home/ubuntu/move_ros2_ws/src/real_tsudanuma2-3_sim/install/real_tsudanuma2-3_sim/share/ament_index/resource_index/package_run_dependencies/real_tsudanuma2-3_sim
[0.130s] -- Up-to-date: /home/ubuntu/move_ros2_ws/src/real_tsudanuma2-3_sim/install/real_tsudanuma2-3_sim/share/ament_index/resource_index/parent_prefix_path/real_tsudanuma2-3_sim
[0.130s] -- Up-to-date: /home/ubuntu/move_ros2_ws/src/real_tsudanuma2-3_sim/install/real_tsudanuma2-3_sim/share/real_tsudanuma2-3_sim/environment/ament_prefix_path.sh
[0.130s] -- Up-to-date: /home/ubuntu/move_ros2_ws/src/real_tsudanuma2-3_sim/install/real_tsudanuma2-3_sim/share/real_tsudanuma2-3_sim/environment/ament_prefix_path.dsv
[0.130s] -- Up-to-date: /home/ubuntu/move_ros2_ws/src/real_tsudanuma2-3_sim/install/real_tsudanuma2-3_sim/share/real_tsudanuma2-3_sim/environment/path.sh
[0.130s] -- Up-to-date: /home/ubuntu/move_ros2_ws/src/real_tsudanuma2-3_sim/install/real_tsudanuma2-3_sim/share/real_tsudanuma2-3_sim/environment/path.dsv
[0.130s] -- Up-to-date: /home/ubuntu/move_ros2_ws/src/real_tsudanuma2-3_sim/install/real_tsudanuma2-3_sim/share/real_tsudanuma2-3_sim/local_setup.bash
[0.130s] -- Up-to-date: /home/ubuntu/move_ros2_ws/src/real_tsudanuma2-3_sim/install/real_tsudanuma2-3_sim/share/real_tsudanuma2-3_sim/local_setup.sh
[0.130s] -- Up-to-date: /home/ubuntu/move_ros2_ws/src/real_tsudanuma2-3_sim/install/real_tsudanuma2-3_sim/share/real_tsudanuma2-3_sim/local_setup.zsh
[0.130s] -- Up-to-date: /home/ubuntu/move_ros2_ws/src/real_tsudanuma2-3_sim/install/real_tsudanuma2-3_sim/share/real_tsudanuma2-3_sim/local_setup.dsv
[0.130s] -- Up-to-date: /home/ubuntu/move_ros2_ws/src/real_tsudanuma2-3_sim/install/real_tsudanuma2-3_sim/share/real_tsudanuma2-3_sim/package.dsv
[0.130s] -- Up-to-date: /home/ubuntu/move_ros2_ws/src/real_tsudanuma2-3_sim/install/real_tsudanuma2-3_sim/share/ament_index/resource_index/packages/real_tsudanuma2-3_sim
[0.130s] -- Up-to-date: /home/ubuntu/move_ros2_ws/src/real_tsudanuma2-3_sim/install/real_tsudanuma2-3_sim/share/real_tsudanuma2-3_sim/cmake/real_tsudanuma2-3_simConfig.cmake
[0.131s] -- Up-to-date: /home/ubuntu/move_ros2_ws/src/real_tsudanuma2-3_sim/install/real_tsudanuma2-3_sim/share/real_tsudanuma2-3_sim/cmake/real_tsudanuma2-3_simConfig-version.cmake
[0.131s] -- Up-to-date: /home/ubuntu/move_ros2_ws/src/real_tsudanuma2-3_sim/install/real_tsudanuma2-3_sim/share/real_tsudanuma2-3_sim/package.xml
[0.131s] Invoked command in '/home/ubuntu/move_ros2_ws/src/real_tsudanuma2-3_sim/build/real_tsudanuma2-3_sim' returned '0': /usr/bin/cmake --install /home/ubuntu/move_ros2_ws/src/real_tsudanuma2-3_sim/build/real_tsudanuma2-3_sim
