[0.121s] DEBUG:colcon:Command line arguments: ['/usr/bin/colcon', 'build']
[0.121s] DEBUG:colcon:Parsed command line arguments: Namespace(allow_overriding=[], ament_cmake_args=None, base_paths=['.'], build_base='build', catkin_cmake_args=None, catkin_skip_building_tests=False, cmake_args=None, cmake_clean_cache=False, cmake_clean_first=False, cmake_force_configure=False, cmake_target=None, cmake_target_skip_unavailable=False, continue_on_error=False, event_handlers=None, executor='parallel', ignore_user_meta=False, install_base='install', log_base=None, log_level=None, main=<bound method BuildVerb.main of <colcon_core.verb.build.BuildVerb object at 0x7f9f856ff5e0>>, merge_install=False, metas=['./colcon.meta'], packages_above=None, packages_above_and_dependencies=None, packages_above_depth=None, packages_end=None, packages_ignore=None, packages_ignore_regex=None, packages_select=None, packages_select_build_failed=False, packages_select_by_dep=None, packages_select_regex=None, packages_select_test_failures=False, packages_skip=None, packages_skip_build_finished=False, packages_skip_by_dep=None, packages_skip_regex=None, packages_skip_test_passed=False, packages_skip_up_to=None, packages_start=None, packages_up_to=None, packages_up_to_regex=None, parallel_workers=16, paths=None, symlink_install=False, test_result_base=None, verb_extension=<colcon_core.verb.build.BuildVerb object at 0x7f9f856ff5e0>, verb_name='build', verb_parser=<colcon_defaults.argument_parser.defaults.DefaultArgumentsDecorator object at 0x7f9f856ffb20>)
[0.141s] Level 1:colcon.colcon_core.package_discovery:discover_packages(colcon_meta) check parameters
[0.141s] Level 1:colcon.colcon_core.package_discovery:discover_packages(recursive) check parameters
[0.141s] Level 1:colcon.colcon_core.package_discovery:discover_packages(ignore) check parameters
[0.141s] Level 1:colcon.colcon_core.package_discovery:discover_packages(path) check parameters
[0.141s] Level 1:colcon.colcon_core.package_discovery:discover_packages(colcon_meta) discover
[0.141s] Level 1:colcon.colcon_core.package_discovery:discover_packages(recursive) discover
[0.141s] INFO:colcon.colcon_core.package_discovery:Crawling recursively for packages in '/home/ubuntu/move_ros2_ws/src/real_tsudanuma2-3_sim'
[0.141s] Level 1:colcon.colcon_core.package_identification:_identify(.) by extensions ['ignore', 'ignore_ament_install']
[0.141s] Level 1:colcon.colcon_core.package_identification:_identify(.) by extension 'ignore'
[0.141s] Level 1:colcon.colcon_core.package_identification:_identify(.) by extension 'ignore_ament_install'
[0.141s] Level 1:colcon.colcon_core.package_identification:_identify(.) by extensions ['colcon_pkg']
[0.141s] Level 1:colcon.colcon_core.package_identification:_identify(.) by extension 'colcon_pkg'
[0.141s] Level 1:colcon.colcon_core.package_identification:_identify(.) by extensions ['colcon_meta']
[0.141s] Level 1:colcon.colcon_core.package_identification:_identify(.) by extension 'colcon_meta'
[0.142s] Level 1:colcon.colcon_core.package_identification:_identify(.) by extensions ['ros']
[0.142s] Level 1:colcon.colcon_core.package_identification:_identify(.) by extension 'ros'
[0.151s] DEBUG:colcon.colcon_core.package_identification:Package '.' with type 'ros.catkin' and name 'real_tsudanuma2-3_sim'
[0.151s] Level 1:colcon.colcon_core.package_discovery:discover_packages(recursive) using defaults
[0.151s] Level 1:colcon.colcon_core.package_discovery:discover_packages(ignore) discover
[0.151s] Level 1:colcon.colcon_core.package_discovery:discover_packages(ignore) using defaults
[0.151s] Level 1:colcon.colcon_core.package_discovery:discover_packages(path) discover
[0.151s] Level 1:colcon.colcon_core.package_discovery:discover_packages(path) using defaults
[0.172s] Level 1:colcon.colcon_core.package_discovery:discover_packages(prefix_path) check parameters
[0.172s] Level 1:colcon.colcon_core.package_discovery:discover_packages(prefix_path) discover
[0.176s] DEBUG:colcon.colcon_installed_package_information.package_discovery:Found 4 installed packages in /home/ubuntu/move_ros2_ws/install
[0.178s] DEBUG:colcon.colcon_installed_package_information.package_discovery:Found 53 installed packages in /home/ubuntu/airobot_ws/install
[0.180s] DEBUG:colcon.colcon_installed_package_information.package_discovery:Found 418 installed packages in /opt/ros/foxy
[0.181s] Level 1:colcon.colcon_core.package_discovery:discover_packages(prefix_path) using defaults
[0.247s] Level 5:colcon.colcon_core.verb:set package 'real_tsudanuma2-3_sim' build argument 'cmake_args' from command line to 'None'
[0.247s] Level 5:colcon.colcon_core.verb:set package 'real_tsudanuma2-3_sim' build argument 'cmake_target' from command line to 'None'
[0.247s] Level 5:colcon.colcon_core.verb:set package 'real_tsudanuma2-3_sim' build argument 'cmake_target_skip_unavailable' from command line to 'False'
[0.247s] Level 5:colcon.colcon_core.verb:set package 'real_tsudanuma2-3_sim' build argument 'cmake_clean_cache' from command line to 'False'
[0.247s] Level 5:colcon.colcon_core.verb:set package 'real_tsudanuma2-3_sim' build argument 'cmake_clean_first' from command line to 'False'
[0.247s] Level 5:colcon.colcon_core.verb:set package 'real_tsudanuma2-3_sim' build argument 'cmake_force_configure' from command line to 'False'
[0.247s] Level 5:colcon.colcon_core.verb:set package 'real_tsudanuma2-3_sim' build argument 'ament_cmake_args' from command line to 'None'
[0.247s] Level 5:colcon.colcon_core.verb:set package 'real_tsudanuma2-3_sim' build argument 'catkin_cmake_args' from command line to 'None'
[0.247s] Level 5:colcon.colcon_core.verb:set package 'real_tsudanuma2-3_sim' build argument 'catkin_skip_building_tests' from command line to 'False'
[0.247s] DEBUG:colcon.colcon_core.verb:Building package 'real_tsudanuma2-3_sim' with the following arguments: {'ament_cmake_args': None, 'build_base': '/home/ubuntu/move_ros2_ws/src/real_tsudanuma2-3_sim/build/real_tsudanuma2-3_sim', 'catkin_cmake_args': None, 'catkin_skip_building_tests': False, 'cmake_args': None, 'cmake_clean_cache': False, 'cmake_clean_first': False, 'cmake_force_configure': False, 'cmake_target': None, 'cmake_target_skip_unavailable': False, 'install_base': '/home/ubuntu/move_ros2_ws/src/real_tsudanuma2-3_sim/install/real_tsudanuma2-3_sim', 'merge_install': False, 'path': '/home/ubuntu/move_ros2_ws/src/real_tsudanuma2-3_sim', 'symlink_install': False, 'test_result_base': None}
[0.248s] INFO:colcon.colcon_core.executor:Executing jobs using 'parallel' executor
[0.251s] DEBUG:colcon.colcon_parallel_executor.executor.parallel:run_until_complete
[0.251s] INFO:colcon.colcon_ros.task.catkin.build:Building ROS package in '/home/ubuntu/move_ros2_ws/src/real_tsudanuma2-3_sim' with build type 'catkin'
[0.251s] INFO:colcon.colcon_cmake.task.cmake.build:Building CMake package in '/home/ubuntu/move_ros2_ws/src/real_tsudanuma2-3_sim'
[0.255s] INFO:colcon.colcon_core.plugin_system:Skipping extension 'colcon_core.shell.bat': Not used on non-Windows systems
[0.255s] INFO:colcon.colcon_core.shell:Skip shell extension 'powershell' for command environment: Not usable outside of PowerShell
[0.255s] DEBUG:colcon.colcon_core.shell:Skip shell extension 'dsv' for command environment
[0.266s] DEBUG:colcon.colcon_core.event_handler.log_command:Invoking command in '/home/ubuntu/move_ros2_ws/src/real_tsudanuma2-3_sim/build/real_tsudanuma2-3_sim': /usr/bin/cmake --build /home/ubuntu/move_ros2_ws/src/real_tsudanuma2-3_sim/build/real_tsudanuma2-3_sim -- -j16 -l16
[0.307s] DEBUG:colcon.colcon_core.event_handler.log_command:Invoked command in '/home/ubuntu/move_ros2_ws/src/real_tsudanuma2-3_sim/build/real_tsudanuma2-3_sim' returned '0': /usr/bin/cmake --build /home/ubuntu/move_ros2_ws/src/real_tsudanuma2-3_sim/build/real_tsudanuma2-3_sim -- -j16 -l16
[0.372s] DEBUG:colcon.colcon_core.event_handler.log_command:Invoking command in '/home/ubuntu/move_ros2_ws/src/real_tsudanuma2-3_sim/build/real_tsudanuma2-3_sim': /usr/bin/cmake --install /home/ubuntu/move_ros2_ws/src/real_tsudanuma2-3_sim/build/real_tsudanuma2-3_sim
[0.383s] DEBUG:colcon.colcon_core.event_handler.log_command:Invoked command in '/home/ubuntu/move_ros2_ws/src/real_tsudanuma2-3_sim/build/real_tsudanuma2-3_sim' returned '0': /usr/bin/cmake --install /home/ubuntu/move_ros2_ws/src/real_tsudanuma2-3_sim/build/real_tsudanuma2-3_sim
[0.407s] Level 1:colcon.colcon_core.shell:create_environment_hook('real_tsudanuma2-3_sim', 'ros_package_path')
[0.410s] INFO:colcon.colcon_core.shell:Creating environment hook '/home/ubuntu/move_ros2_ws/src/real_tsudanuma2-3_sim/install/real_tsudanuma2-3_sim/share/real_tsudanuma2-3_sim/hook/ros_package_path.ps1'
[0.411s] INFO:colcon.colcon_core.shell:Creating environment descriptor '/home/ubuntu/move_ros2_ws/src/real_tsudanuma2-3_sim/install/real_tsudanuma2-3_sim/share/real_tsudanuma2-3_sim/hook/ros_package_path.dsv'
[0.412s] INFO:colcon.colcon_core.shell:Creating environment hook '/home/ubuntu/move_ros2_ws/src/real_tsudanuma2-3_sim/install/real_tsudanuma2-3_sim/share/real_tsudanuma2-3_sim/hook/ros_package_path.sh'
[0.414s] Level 1:colcon.colcon_core.shell:create_environment_hook('real_tsudanuma2-3_sim', 'pkg_config_path')
[0.416s] INFO:colcon.colcon_core.shell:Creating environment hook '/home/ubuntu/move_ros2_ws/src/real_tsudanuma2-3_sim/install/real_tsudanuma2-3_sim/share/real_tsudanuma2-3_sim/hook/pkg_config_path.ps1'
[0.417s] INFO:colcon.colcon_core.shell:Creating environment descriptor '/home/ubuntu/move_ros2_ws/src/real_tsudanuma2-3_sim/install/real_tsudanuma2-3_sim/share/real_tsudanuma2-3_sim/hook/pkg_config_path.dsv'
[0.417s] INFO:colcon.colcon_core.shell:Creating environment hook '/home/ubuntu/move_ros2_ws/src/real_tsudanuma2-3_sim/install/real_tsudanuma2-3_sim/share/real_tsudanuma2-3_sim/hook/pkg_config_path.sh'
[0.420s] Level 1:colcon.colcon_core.shell:create_environment_hook('real_tsudanuma2-3_sim', 'pkg_config_path_multiarch')
[0.422s] INFO:colcon.colcon_core.shell:Creating environment hook '/home/ubuntu/move_ros2_ws/src/real_tsudanuma2-3_sim/install/real_tsudanuma2-3_sim/share/real_tsudanuma2-3_sim/hook/pkg_config_path_multiarch.ps1'
[0.423s] INFO:colcon.colcon_core.shell:Creating environment descriptor '/home/ubuntu/move_ros2_ws/src/real_tsudanuma2-3_sim/install/real_tsudanuma2-3_sim/share/real_tsudanuma2-3_sim/hook/pkg_config_path_multiarch.dsv'
[0.423s] INFO:colcon.colcon_core.shell:Creating environment hook '/home/ubuntu/move_ros2_ws/src/real_tsudanuma2-3_sim/install/real_tsudanuma2-3_sim/share/real_tsudanuma2-3_sim/hook/pkg_config_path_multiarch.sh'
[0.426s] Level 1:colcon.colcon_core.environment:create_environment_scripts_only(real_tsudanuma2-3_sim)
[0.431s] Level 1:colcon.colcon_core.environment:checking '/home/ubuntu/move_ros2_ws/src/real_tsudanuma2-3_sim/install/real_tsudanuma2-3_sim' for CMake module files
[0.432s] Level 1:colcon.colcon_core.environment:checking '/home/ubuntu/move_ros2_ws/src/real_tsudanuma2-3_sim/install/real_tsudanuma2-3_sim' for CMake config files
[0.432s] Level 1:colcon.colcon_core.shell:create_environment_hook('real_tsudanuma2-3_sim', 'cmake_prefix_path')
[0.433s] INFO:colcon.colcon_core.shell:Creating environment hook '/home/ubuntu/move_ros2_ws/src/real_tsudanuma2-3_sim/install/real_tsudanuma2-3_sim/share/real_tsudanuma2-3_sim/hook/cmake_prefix_path.ps1'
[0.433s] INFO:colcon.colcon_core.shell:Creating environment descriptor '/home/ubuntu/move_ros2_ws/src/real_tsudanuma2-3_sim/install/real_tsudanuma2-3_sim/share/real_tsudanuma2-3_sim/hook/cmake_prefix_path.dsv'
[0.434s] INFO:colcon.colcon_core.shell:Creating environment hook '/home/ubuntu/move_ros2_ws/src/real_tsudanuma2-3_sim/install/real_tsudanuma2-3_sim/share/real_tsudanuma2-3_sim/hook/cmake_prefix_path.sh'
[0.434s] Level 1:colcon.colcon_core.environment:checking '/home/ubuntu/move_ros2_ws/src/real_tsudanuma2-3_sim/install/real_tsudanuma2-3_sim/bin'
[0.434s] Level 1:colcon.colcon_core.environment:checking '/home/ubuntu/move_ros2_ws/src/real_tsudanuma2-3_sim/install/real_tsudanuma2-3_sim/lib/pkgconfig/real_tsudanuma2-3_sim.pc'
[0.434s] Level 1:colcon.colcon_core.environment:checking '/home/ubuntu/move_ros2_ws/src/real_tsudanuma2-3_sim/install/real_tsudanuma2-3_sim/lib/python3.8/site-packages'
[0.435s] Level 1:colcon.colcon_core.environment:checking '/home/ubuntu/move_ros2_ws/src/real_tsudanuma2-3_sim/install/real_tsudanuma2-3_sim/bin'
[0.436s] INFO:colcon.colcon_core.shell:Creating package script '/home/ubuntu/move_ros2_ws/src/real_tsudanuma2-3_sim/install/real_tsudanuma2-3_sim/share/real_tsudanuma2-3_sim/package.ps1'
[0.437s] INFO:colcon.colcon_core.shell:Creating package descriptor '/home/ubuntu/move_ros2_ws/src/real_tsudanuma2-3_sim/install/real_tsudanuma2-3_sim/share/real_tsudanuma2-3_sim/package.dsv'
[0.437s] INFO:colcon.colcon_core.shell:Creating package script '/home/ubuntu/move_ros2_ws/src/real_tsudanuma2-3_sim/install/real_tsudanuma2-3_sim/share/real_tsudanuma2-3_sim/package.sh'
[0.438s] INFO:colcon.colcon_core.shell:Creating package script '/home/ubuntu/move_ros2_ws/src/real_tsudanuma2-3_sim/install/real_tsudanuma2-3_sim/share/real_tsudanuma2-3_sim/package.bash'
[0.438s] INFO:colcon.colcon_core.shell:Creating package script '/home/ubuntu/move_ros2_ws/src/real_tsudanuma2-3_sim/install/real_tsudanuma2-3_sim/share/real_tsudanuma2-3_sim/package.zsh'
[0.439s] Level 1:colcon.colcon_core.environment:create_file_with_runtime_dependencies(/home/ubuntu/move_ros2_ws/src/real_tsudanuma2-3_sim/install/real_tsudanuma2-3_sim/share/colcon-core/packages/real_tsudanuma2-3_sim)
[0.439s] DEBUG:colcon.colcon_parallel_executor.executor.parallel:closing loop
[0.439s] DEBUG:colcon.colcon_parallel_executor.executor.parallel:loop closed
[0.439s] DEBUG:colcon.colcon_parallel_executor.executor.parallel:run_until_complete finished with '0'
[0.439s] DEBUG:colcon.colcon_core.event_reactor:joining thread
[0.444s] INFO:colcon.colcon_core.plugin_system:Skipping extension 'colcon_notification.desktop_notification.notify_send': Could not find 'notify-send'
[0.444s] INFO:colcon.colcon_core.plugin_system:Skipping extension 'colcon_notification.desktop_notification.terminal_notifier': Not used on non-Darwin systems
[0.444s] INFO:colcon.colcon_core.plugin_system:Skipping extension 'colcon_notification.desktop_notification.win32': Not used on non-Windows systems
[0.445s] INFO:colcon.colcon_notification.desktop_notification:Sending desktop notification using 'notify2'
[0.448s] DEBUG:colcon.colcon_notification.desktop_notification.notify2:Failed to initialize notify2: org.freedesktop.DBus.Error.ServiceUnknown: The name org.freedesktop.Notifications was not provided by any .service files
[0.448s] DEBUG:colcon.colcon_core.event_reactor:joined thread
[0.450s] INFO:colcon.colcon_core.shell:Creating prefix script '/home/ubuntu/move_ros2_ws/src/real_tsudanuma2-3_sim/install/local_setup.ps1'
[0.451s] INFO:colcon.colcon_core.shell:Creating prefix util module '/home/ubuntu/move_ros2_ws/src/real_tsudanuma2-3_sim/install/_local_setup_util_ps1.py'
[0.452s] INFO:colcon.colcon_core.shell:Creating prefix chain script '/home/ubuntu/move_ros2_ws/src/real_tsudanuma2-3_sim/install/setup.ps1'
[0.456s] INFO:colcon.colcon_core.shell:Creating prefix script '/home/ubuntu/move_ros2_ws/src/real_tsudanuma2-3_sim/install/local_setup.sh'
[0.456s] INFO:colcon.colcon_core.shell:Creating prefix util module '/home/ubuntu/move_ros2_ws/src/real_tsudanuma2-3_sim/install/_local_setup_util_sh.py'
[0.457s] INFO:colcon.colcon_core.shell:Creating prefix chain script '/home/ubuntu/move_ros2_ws/src/real_tsudanuma2-3_sim/install/setup.sh'
[0.460s] INFO:colcon.colcon_core.shell:Creating prefix script '/home/ubuntu/move_ros2_ws/src/real_tsudanuma2-3_sim/install/local_setup.bash'
[0.460s] INFO:colcon.colcon_core.shell:Creating prefix chain script '/home/ubuntu/move_ros2_ws/src/real_tsudanuma2-3_sim/install/setup.bash'
[0.463s] INFO:colcon.colcon_core.shell:Creating prefix script '/home/ubuntu/move_ros2_ws/src/real_tsudanuma2-3_sim/install/local_setup.zsh'
[0.463s] INFO:colcon.colcon_core.shell:Creating prefix chain script '/home/ubuntu/move_ros2_ws/src/real_tsudanuma2-3_sim/install/setup.zsh'
